Ansys Lumerical 2020 R2 FDTD Solver Version 8.24.2387 (Windows 64bit)
 expires (month/day/year): 12/31/2035
using config file: Ansys Licensing set with ANSYSLMD_LICENSE_FILE
license host: 
current time: Thu Mar  2 17:06:51 2023
Running on host: Leo
host available memory (GB): 21.279060
All processes are communicating and ready to proceed to simulation...
Running fsp file: C:\Program Files\Lumerical\v202\bin\fdtd-engine-msmpi.exe -t 1 -remote C:/Users/Leo/Documents/Facul/Capacitação/GitHub/Edge-Coupler/CML/Linear.fsp
Starting meshing
Simulation size in gridpoints: 1 x 32 x 60
Refined 0 mesh cells (0%)
Completed meshing!
Meshing complete in 0.078125 seconds of CPU time
Starting meshing
Simulation size in gridpoints: 1 x 32 x 60
Refined 0 mesh cells (0%)
Completed meshing!
Meshing complete in 0.09375 seconds of CPU time
Starting meshing
Simulation size in gridpoints: 1 x 32 x 60
Refined 0 mesh cells (0%)
Completed meshing!
Meshing complete in 0.09375 seconds of CPU time
number of processors is 12
processors are distributed as: 12x1x1
Running 3D Simulation
Starting meshing
Simulation size in gridpoints: 396 x 39 x 74
Refined 0 mesh cells (0%)
Completed meshing!
Meshing complete in 1.625 seconds of CPU time
0 0
Starting meshing
Simulation size in gridpoints: 396 x 39 x 74
Refined 0 mesh cells (0%)
Completed meshing!
Meshing complete in 1.79688 seconds of CPU time
0 0
Starting meshing
Simulation size in gridpoints: 396 x 39 x 74
Refined 0 mesh cells (0%)
Completed meshing!
Meshing complete in 1.60938 seconds of CPU time
0 0
finished material properties
Meshing Time: 3.61137 seconds, Init Electrical Material Time: 0.155265 seconds, Init Magnetic Material Time: 0.0035579
Using selected optimization level: 2
Selecting 3d kernel for splitFieldDirection=0 and optLevel=2
-----------------------------------------
Beginning initialization of 3D Simulation
Starting to add sources to simulation
Adding 3D Mode source propagating in X
Starting to add boundary conditions to simulation
Adding 3D PML BC
Adding 3D Parallel BC
Adding 3D Anti-Symmetric BC
Adding 3D PML BC
Adding 3D PML BC
Adding 3D PML BC
Starting to add monitors to Simulation
Adding analysis monitor
Adding 3D DFT monitor
Adding 3D DFT monitor
Finished initialization of 3D Simulation
-----------------------------------------
All processes are communicating and ready to proceed to simulation...
Starting 36683 total iterations
0.0872336% complete. Max time remaining: 39 mins, 3 secs. Auto Shutoff: 1
1.09042% complete. Max time remaining: 34 mins, 55 secs. Auto Shutoff: 1
2.13722% complete. Max time remaining: 34 mins, 30 secs. Auto Shutoff: 1
3.18403% complete. Max time remaining: 34 mins, 16 secs. Auto Shutoff: 0.896881
4.23083% complete. Max time remaining: 34 mins, 13 secs. Auto Shutoff: 0.873441
5.27763% complete. Max time remaining: 34 mins, 5 secs. Auto Shutoff: 0.795606
6.28082% complete. Max time remaining: 33 mins, 56 secs. Auto Shutoff: 0.710687
7.28401% complete. Max time remaining: 33 mins, 39 secs. Auto Shutoff: 0.653906
8.33081% complete. Max time remaining: 33 mins, 10 secs. Auto Shutoff: 0.587294
9.37761% complete. Max time remaining: 32 mins, 45 secs. Auto Shutoff: 0.545111
10.4244% complete. Max time remaining: 32 mins, 21 secs. Auto Shutoff: 0.479376
11.4712% complete. Max time remaining: 31 mins, 59 secs. Auto Shutoff: 0.4459
12.4744% complete. Max time remaining: 31 mins, 40 secs. Auto Shutoff: 0.410621
13.4776% complete. Max time remaining: 31 mins, 23 secs. Auto Shutoff: 0.373246
14.4808% complete. Max time remaining: 31 mins, 2 secs. Auto Shutoff: 0.351552
15.484% complete. Max time remaining: 30 mins, 43 secs. Auto Shutoff: 0.326736
16.4872% complete. Max time remaining: 30 mins, 24 secs. Auto Shutoff: 0.30561
17.4903% complete. Max time remaining: 30 mins, 9 secs. Auto Shutoff: 0.292029
18.4935% complete. Max time remaining: 29 mins, 46 secs. Auto Shutoff: 0.275948
19.4967% complete. Max time remaining: 29 mins, 23 secs. Auto Shutoff: 0.261909
20.5435% complete. Max time remaining: 28 mins, 59 secs. Auto Shutoff: 0.253205
Early termination of simulation by user request
Completed 7728 iterations, or 6.320075e-13s of Simulation Time
Process 0 starting to collect data
    collecting monitor data
    collecting source data
Finished collecting data
Simulation completed successfully at: Thu Mar  2 17:14:39 2023
Overall wall time measurements in seconds: 470.367
    time to mesh and initialize: 5.99316
    time to run FDTD simulation: 460.79
    time to checkpoint simulation: 6e-07
    time to finalize data and save to files: 0.190902
    miscellaneous time: 3.39312
    FDTD solver speed on process 0: 19.1671 Mnodes/s
    total FDTD solver speed on 12 processes: 230.005 Mnodes/s
